<?xml version="1.0" encoding="UTF-8"?>
<!-- Generated by org.testng.reporters.JUnitReportReporter -->
<testsuite ignored="0" hostname="ARUN-PC" failures="0" tests="1" name="com.run.AmazonTest" time="17.435" errors="0" timestamp="23 Sep 2022 11:04:51 GMT" skipped="0">
  <testcase classname="com.run.AmazonTest" name="launch" time="17.435"/>
</testsuite> <!-- com.run.AmazonTest -->
